<?xml version="1.0" encoding="UTF-8"?>
<testsuite name="com.android.ocasa.http.ExampleUnitTest" tests="1" skipped="0" failures="0" errors="0" timestamp="2016-01-21T19:16:06" hostname="BUE-W2K1214" time="0.0">
  <properties/>
  <testcase name="addition_isCorrect" classname="com.android.ocasa.http.ExampleUnitTest" time="0.0"/>
  <system-out><![CDATA[]]></system-out>
  <system-err><![CDATA[]]></system-err>
</testsuite>
