<?xml version="1.0" encoding="UTF-8"?>
<testsuite name="com.android.volley.RequestQueueTest" tests="1" skipped="0" failures="0" errors="0" timestamp="2016-03-03T16:53:05" hostname="ignacio-Codika" time="0.024">
  <properties/>
  <testcase name="cancelAll_onlyCorrectTag" classname="com.android.volley.RequestQueueTest" time="0.024"/>
  <system-out><![CDATA[WARNING: No manifest file found at ./AndroidManifest.xml.Falling back to the Android OS resources only.
To remove this warning, annotate your test class with @Config(manifest=Config.NONE).
]]></system-out>
  <system-err><![CDATA[]]></system-err>
</testsuite>
