<?xml version="1.0" encoding="UTF-8"?>
<testsuite name="com.android.volley.toolbox.JsonRequestCharsetTest" tests="4" skipped="0" failures="0" errors="0" timestamp="2016-03-03T16:53:06" hostname="ignacio-Codika" time="0.054">
  <properties/>
  <testcase name="defaultCharsetJsonObject" classname="com.android.volley.toolbox.JsonRequestCharsetTest" time="0.016"/>
  <testcase name="defaultCharsetJsonArray" classname="com.android.volley.toolbox.JsonRequestCharsetTest" time="0.006"/>
  <testcase name="specifiedCharsetJsonObject" classname="com.android.volley.toolbox.JsonRequestCharsetTest" time="0.024"/>
  <testcase name="specifiedCharsetJsonArray" classname="com.android.volley.toolbox.JsonRequestCharsetTest" time="0.005"/>
  <system-out><![CDATA[WARNING: No manifest file found at ./AndroidManifest.xml.Falling back to the Android OS resources only.
To remove this warning, annotate your test class with @Config(manifest=Config.NONE).
WARNING: No manifest file found at ./AndroidManifest.xml.Falling back to the Android OS resources only.
To remove this warning, annotate your test class with @Config(manifest=Config.NONE).
WARNING: No manifest file found at ./AndroidManifest.xml.Falling back to the Android OS resources only.
To remove this warning, annotate your test class with @Config(manifest=Config.NONE).
WARNING: No manifest file found at ./AndroidManifest.xml.Falling back to the Android OS resources only.
To remove this warning, annotate your test class with @Config(manifest=Config.NONE).
]]></system-out>
  <system-err><![CDATA[]]></system-err>
</testsuite>
