<?xml version="1.0" encoding="UTF-8"?>
<testsuite name="com.android.volley.toolbox.DiskBasedCacheTest" tests="6" skipped="0" failures="0" errors="0" timestamp="2016-03-03T16:53:06" hostname="ignacio-Codika" time="0.012">
  <properties/>
  <testcase name="cacheHeaderSerialization" classname="com.android.volley.toolbox.DiskBasedCacheTest" time="0.003"/>
  <testcase name="serializeInt" classname="com.android.volley.toolbox.DiskBasedCacheTest" time="0.0"/>
  <testcase name="serializeLong" classname="com.android.volley.toolbox.DiskBasedCacheTest" time="0.0"/>
  <testcase name="serializeString" classname="com.android.volley.toolbox.DiskBasedCacheTest" time="0.001"/>
  <testcase name="serializeMap" classname="com.android.volley.toolbox.DiskBasedCacheTest" time="0.002"/>
  <testcase name="publicMethods" classname="com.android.volley.toolbox.DiskBasedCacheTest" time="0.0"/>
  <system-out><![CDATA[]]></system-out>
  <system-err><![CDATA[]]></system-err>
</testsuite>
