<?xml version="1.0" encoding="UTF-8"?>
<testsuite name="com.android.volley.toolbox.HurlStackTest" tests="13" skipped="0" failures="0" errors="0" timestamp="2016-03-03T16:53:07" hostname="ignacio-Codika" time="0.058">
  <properties/>
  <testcase name="connectionForDeprecatedGetRequest" classname="com.android.volley.toolbox.HurlStackTest" time="0.009"/>
  <testcase name="connectionForDeprecatedPostRequest" classname="com.android.volley.toolbox.HurlStackTest" time="0.004"/>
  <testcase name="connectionForGetRequest" classname="com.android.volley.toolbox.HurlStackTest" time="0.004"/>
  <testcase name="connectionForPostRequest" classname="com.android.volley.toolbox.HurlStackTest" time="0.004"/>
  <testcase name="connectionForPostWithBodyRequest" classname="com.android.volley.toolbox.HurlStackTest" time="0.004"/>
  <testcase name="connectionForPutRequest" classname="com.android.volley.toolbox.HurlStackTest" time="0.004"/>
  <testcase name="connectionForPutWithBodyRequest" classname="com.android.volley.toolbox.HurlStackTest" time="0.003"/>
  <testcase name="connectionForDeleteRequest" classname="com.android.volley.toolbox.HurlStackTest" time="0.004"/>
  <testcase name="connectionForHeadRequest" classname="com.android.volley.toolbox.HurlStackTest" time="0.004"/>
  <testcase name="connectionForOptionsRequest" classname="com.android.volley.toolbox.HurlStackTest" time="0.004"/>
  <testcase name="connectionForTraceRequest" classname="com.android.volley.toolbox.HurlStackTest" time="0.004"/>
  <testcase name="connectionForPatchRequest" classname="com.android.volley.toolbox.HurlStackTest" time="0.003"/>
  <testcase name="connectionForPatchWithBodyRequest" classname="com.android.volley.toolbox.HurlStackTest" time="0.003"/>
  <system-out><![CDATA[WARNING: No manifest file found at ./AndroidManifest.xml.Falling back to the Android OS resources only.
To remove this warning, annotate your test class with @Config(manifest=Config.NONE).
WARNING: No manifest file found at ./AndroidManifest.xml.Falling back to the Android OS resources only.
To remove this warning, annotate your test class with @Config(manifest=Config.NONE).
WARNING: No manifest file found at ./AndroidManifest.xml.Falling back to the Android OS resources only.
To remove this warning, annotate your test class with @Config(manifest=Config.NONE).
WARNING: No manifest file found at ./AndroidManifest.xml.Falling back to the Android OS resources only.
To remove this warning, annotate your test class with @Config(manifest=Config.NONE).
WARNING: No manifest file found at ./AndroidManifest.xml.Falling back to the Android OS resources only.
To remove this warning, annotate your test class with @Config(manifest=Config.NONE).
WARNING: No manifest file found at ./AndroidManifest.xml.Falling back to the Android OS resources only.
To remove this warning, annotate your test class with @Config(manifest=Config.NONE).
WARNING: No manifest file found at ./AndroidManifest.xml.Falling back to the Android OS resources only.
To remove this warning, annotate your test class with @Config(manifest=Config.NONE).
WARNING: No manifest file found at ./AndroidManifest.xml.Falling back to the Android OS resources only.
To remove this warning, annotate your test class with @Config(manifest=Config.NONE).
WARNING: No manifest file found at ./AndroidManifest.xml.Falling back to the Android OS resources only.
To remove this warning, annotate your test class with @Config(manifest=Config.NONE).
WARNING: No manifest file found at ./AndroidManifest.xml.Falling back to the Android OS resources only.
To remove this warning, annotate your test class with @Config(manifest=Config.NONE).
WARNING: No manifest file found at ./AndroidManifest.xml.Falling back to the Android OS resources only.
To remove this warning, annotate your test class with @Config(manifest=Config.NONE).
WARNING: No manifest file found at ./AndroidManifest.xml.Falling back to the Android OS resources only.
To remove this warning, annotate your test class with @Config(manifest=Config.NONE).
WARNING: No manifest file found at ./AndroidManifest.xml.Falling back to the Android OS resources only.
To remove this warning, annotate your test class with @Config(manifest=Config.NONE).
]]></system-out>
  <system-err><![CDATA[]]></system-err>
</testsuite>
