<?xml version="1.0" encoding="UTF-8"?>
<testsuite name="com.android.volley.NetworkDispatcherTest" tests="4" skipped="0" failures="0" errors="0" timestamp="2016-03-03T16:53:05" hostname="ignacio-Codika" time="0.021">
  <properties/>
  <testcase name="exceptionPostsError" classname="com.android.volley.NetworkDispatcherTest" time="0.006"/>
  <testcase name="shouldCacheFalse" classname="com.android.volley.NetworkDispatcherTest" time="0.003"/>
  <testcase name="shouldCacheTrue" classname="com.android.volley.NetworkDispatcherTest" time="0.006"/>
  <testcase name="successPostsResponse" classname="com.android.volley.NetworkDispatcherTest" time="0.004"/>
  <system-out><![CDATA[WARNING: No manifest file found at ./AndroidManifest.xml.Falling back to the Android OS resources only.
To remove this warning, annotate your test class with @Config(manifest=Config.NONE).
WARNING: No manifest file found at ./AndroidManifest.xml.Falling back to the Android OS resources only.
To remove this warning, annotate your test class with @Config(manifest=Config.NONE).
WARNING: No manifest file found at ./AndroidManifest.xml.Falling back to the Android OS resources only.
To remove this warning, annotate your test class with @Config(manifest=Config.NONE).
WARNING: No manifest file found at ./AndroidManifest.xml.Falling back to the Android OS resources only.
To remove this warning, annotate your test class with @Config(manifest=Config.NONE).
]]></system-out>
  <system-err><![CDATA[]]></system-err>
</testsuite>
