<?xml version="1.0" encoding="UTF-8"?>
<testsuite name="com.android.volley.toolbox.NetworkImageViewTest" tests="2" skipped="0" failures="0" errors="0" timestamp="2016-03-03T16:53:06" hostname="ignacio-Codika" time="0.249">
  <properties/>
  <testcase name="setImageUrl_requestsImage" classname="com.android.volley.toolbox.NetworkImageViewTest" time="0.242"/>
  <testcase name="publicMethods" classname="com.android.volley.toolbox.NetworkImageViewTest" time="0.006"/>
  <system-out><![CDATA[WARNING: No manifest file found at ./AndroidManifest.xml.Falling back to the Android OS resources only.
To remove this warning, annotate your test class with @Config(manifest=Config.NONE).
WARNING: No manifest file found at ./AndroidManifest.xml.Falling back to the Android OS resources only.
To remove this warning, annotate your test class with @Config(manifest=Config.NONE).
]]></system-out>
  <system-err><![CDATA[]]></system-err>
</testsuite>
